<?xml version="1.0" encoding="UTF-8"?>
<testsuite xmlns:xsi="http://www.w3.org/2001/XMLSchema-instance" xsi:noNamespaceSchemaLocation="https://maven.apache.org/surefire/maven-surefire-plugin/xsd/surefire-test-report-3.0.xsd" version="3.0" name="TestSuite" time="248.238" tests="70" errors="0" skipped="0" failures="11">
  <properties>
[...]
</properties>
  <testcase name="CreateContactActivatedAndValidated" classname="com.api.tests.Address" time="10.592"/>
  <testcase name="CreateAddress" classname="com.api.tests.Address" time="2.766"/>
  <testcase name="RetrieveAddresses" classname="com.api.tests.Address" time="0.932"/>
  <testcase name="UpdateAddress" classname="com.api.tests.Address" time="1.818"/>
  <testcase name="DeactivateAddress" classname="com.api.tests.Address" time="2.304"/>
  <testcase name="CreateContactActivatedAndValidated" classname="com.api.tests.Contact" time="4.356"/>
  <testcase name="UpdateContact" classname="com.api.tests.Contact" time="3.378"/>
  <testcase name="RetrieveContact" classname="com.api.tests.Contact" time="0.769"/>
  <testcase name="CheckContactExists" classname="com.api.tests.Contact" time="0.554"/>
  <testcase name="CreateContactActivatedAndValidated" classname="com.api.tests.CPD" time="2.697"/>
  <testcase name="RetrieveCpdActivitiesByDiaryId" classname="com.api.tests.CPD" time="0.929"/>
  <testcase name="RetrieveCpdActivityById" classname="com.api.tests.CPD" time="0.753"/>
  <testcase name="RetrieveCpdDiaries" classname="com.api.tests.CPD" time="0.825"/>
  <testcase name="RetrieveCpdDiaryById" classname="com.api.tests.CPD" time="0.801"/>
  <testcase name="CreateCpdActivity" classname="com.api.tests.CPD" time="1.908"/>
  <testcase name="CreateCpdDiary" classname="com.api.tests.CPD" time="1.602"/>
  <testcase name="UpdateCpdActivity" classname="com.api.tests.CPD" time="0.645">
    <failure message="expected [true] but found [false]" type="java.lang.AssertionError"><![CDATA[java.lang.AssertionError: expected [true] but found [false]
	at com.api.tests.CPD.UpdateCpdActivity(CPD.java:164)
]]></failure>
  </testcase>
  <testcase name="DeleteCpdActivity" classname="com.api.tests.CPD" time="1.635"/>
  <testcase name="CreateContactActivatedAndValidated" classname="com.api.tests.Dialogs" time="3.759"/>
  <testcase name="CreateDirectDebitMandate" classname="com.api.tests.Dialogs" time="2.648"/>
  <testcase name="CreateTransactionAllInOne" classname="com.api.tests.Dialogs" time="2.757">
    <failure message="expected [true] but found [false]" type="java.lang.AssertionError"><![CDATA[java.lang.AssertionError: expected [true] but found [false]
	at com.api.tests.Dialogs.CreateTransactionAllInOne(Dialogs.java:138)
]]></failure>
  </testcase>
  <testcase name="ExecuteMembershipBatch" classname="com.api.tests.Dialogs" time="1.14">
    <failure message="expected [200] but found [400]" type="java.lang.AssertionError"><![CDATA[java.lang.AssertionError: expected [200] but found [400]
	at com.api.tests.Dialogs.ExecuteMembershipBatch(Dialogs.java:155)
]]></failure>
  </testcase>
  <testcase name="GetTransactionForMembership" classname="com.api.tests.Dialogs" time="5.181"/>
  <testcase name="CreateMembershipFromDialog" classname="com.api.tests.Dialogs" time="8.147"/>
  <testcase name="PayMultipleTransactions" classname="com.api.tests.Dialogs" time="0.281">
    <failure message="expected [true] but found [false]" type="java.lang.AssertionError"><![CDATA[java.lang.AssertionError: expected [true] but found [false]
	at com.api.tests.Dialogs.PayMultipleTransactions(Dialogs.java:209)
]]></failure>
  </testcase>
  <testcase name="ProcessDonation" classname="com.api.tests.Dialogs" time="7.405"/>
  <testcase name="CreateContactActivatedAndValidated" classname="com.api.tests.Event" time="2.717"/>
  <testcase name="CreateBookings" classname="com.api.tests.Event" time="18.616"/>
  <testcase name="CreateContactActivatedAndValidated" classname="com.api.tests.FundRaising" time="2.698"/>
  <testcase name="CreateDonation" classname="com.api.tests.FundRaising" time="2.286"/>
  <testcase name="CreateFundraisingDonation" classname="com.api.tests.FundRaising" time="7.018"/>
  <testcase name="UpdateDonation" classname="com.api.tests.FundRaising" time="0.819"/>
  <testcase name="CreateDonationDebitTransaction" classname="com.api.tests.FundRaising" time="2.841"/>
  <testcase name="CreateDonationPaymentPlan" classname="com.api.tests.FundRaising" time="2.823">
    <failure message="expected [true] but found [false]" type="java.lang.AssertionError"><![CDATA[java.lang.AssertionError: expected [true] but found [false]
	at com.api.tests.FundRaising.CreateDonationPaymentPlan(FundRaising.java:185)
]]></failure>
  </testcase>
  <testcase name="CreateContactActivatedAndValidated" classname="com.api.tests.GenericCRM" time="2.606"/>
  <testcase name="GetAllContactRoles" classname="com.api.tests.GenericCRM" time="1.528"/>
  <testcase name="LogMemberValue" classname="com.api.tests.GenericCRM" time="2.052"/>
  <testcase name="PayTransaction" classname="com.api.tests.GenericCRM" time="0.913">
    <failure message="expected [true] but found [false]" type="java.lang.AssertionError"><![CDATA[java.lang.AssertionError: expected [true] but found [false]
	at com.api.tests.GenericCRM.PayTransaction(GenericCRM.java:303)
]]></failure>
  </testcase>
  <testcase name="RetrieveAllBranches" classname="com.api.tests.GenericCRM" time="0.592"/>
  <testcase name="RetrieveAllPeriods" classname="com.api.tests.GenericCRM" time="0.773"/>
  <testcase name="RetrieveCounties" classname="com.api.tests.GenericCRM" time="0.651"/>
  <testcase name="RetrieveCountries" classname="com.api.tests.GenericCRM" time="0.698"/>
  <testcase name="RetrieveEntities" classname="com.api.tests.GenericCRM" time="4.077"/>
  <testcase name="RetrieveMultiplesOptionsSet" classname="com.api.tests.GenericCRM" time="1.221"/>
  <testcase name="RetrieveOptionSet" classname="com.api.tests.GenericCRM" time="0.646"/>
  <testcase name="GetContactRolesByContactId" classname="com.api.tests.GenericCRM" time="0.769"/>
  <testcase name="CreateContactActivatedAndValidated" classname="com.api.tests.GiftAid" time="2.775"/>
  <testcase name="ProcessGiftAidBatch" classname="com.api.tests.GiftAid" time="2.911">
    <failure message="expected [true] but found [false]" type="java.lang.AssertionError"><![CDATA[java.lang.AssertionError: expected [true] but found [false]
	at com.api.tests.GiftAid.ProcessGiftAidBatch(GiftAid.java:71)
]]></failure>
  </testcase>
  <testcase name="CreateGiftAidDeclaration" classname="com.api.tests.GiftAid" time="1.326"/>
  <testcase name="ApplyMembershipDiscountCodeForWeb" classname="com.api.tests.Membership" time="0.657">
    <failure message="expected [true] but found [false]" type="java.lang.AssertionError"><![CDATA[java.lang.AssertionError: expected [true] but found [false]
	at com.api.tests.Membership.ApplyMembershipDiscountCodeForWeb(Membership.java:205)
]]></failure>
  </testcase>
  <testcase name="CreateContactActivatedAndValidated" classname="com.api.tests.Membership" time="2.669"/>
  <testcase name="RetrieveActiveMembershipsByContactId" classname="com.api.tests.Membership" time="3.394"/>
  <testcase name="RetrieveAllMembershipTypes" classname="com.api.tests.Membership" time="1.079"/>
  <testcase name="RetrieveAllMembershipsByContactId" classname="com.api.tests.Membership" time="2.427"/>
  <testcase name="RetrieveAllMethodsOfPayment" classname="com.api.tests.Membership" time="0.626"/>
  <testcase name="RetrieveMembershipBands" classname="com.api.tests.Membership" time="0.78"/>
  <testcase name="RetrieveMembershipGradesByTypeId" classname="com.api.tests.Membership" time="8.64"/>
  <testcase name="RetrieveMembershipTransactions" classname="com.api.tests.Membership" time="3.503"/>
  <testcase name="RetrieveValidMembershipDiscountCodeForWeb" classname="com.api.tests.Membership" time="0.595">
    <failure message="expected [true] but found [false]" type="java.lang.AssertionError"><![CDATA[java.lang.AssertionError: expected [true] but found [false]
	at com.api.tests.Membership.RetrieveValidMembershipDiscountCodeForWeb(Membership.java:182)
]]></failure>
  </testcase>
  <testcase name="CreateFundraisingMembership" classname="com.api.tests.Membership" time="22.273">
    <failure message="expected [true] but found [false]" type="java.lang.AssertionError"><![CDATA[java.lang.AssertionError: expected [true] but found [false]
	at com.api.tests.Membership.CreateFundraisingMembership(Membership.java:300)
]]></failure>
  </testcase>
  <testcase name="CreateMembership" classname="com.api.tests.Membership" time="3.048"/>
  <testcase name="CreateGenericMembershipTransaction" classname="com.api.tests.Membership" time="3.919"/>
  <testcase name="CreateMembershipTransactionAndDirectDebit" classname="com.api.tests.Membership" time="15.565"/>
  <testcase name="CreateMembershipTransactionAndProcessPayment" classname="com.api.tests.Membership" time="9.334"/>
  <testcase name="CreateMembershipTransactionsAsInvoice" classname="com.api.tests.Membership" time="9.119"/>
  <testcase name="CreateMultipleMembershipInvoiceTransaction" classname="com.api.tests.Membership" time="3.119">
    <failure message="expected [true] but found [false]" type="java.lang.AssertionError"><![CDATA[java.lang.AssertionError: expected [true] but found [false]
	at com.api.tests.Membership.CreateMultipleMembershipInvoiceTransaction(Membership.java:481)
]]></failure>
  </testcase>
  <testcase name="LapseMembership" classname="com.api.tests.Membership" time="1.775"/>
  <testcase name="UpgradeMembership" classname="com.api.tests.Membership" time="13.038"/>
  <testcase name="RetrieveOrganisationsByName" classname="com.api.tests.Account" time="0.719"/>
  <testcase name="UpdateOrganisation" classname="com.api.tests.Account" time="1.222"/>
</testsuite>